[debug] > Exec(early(addDefaultCommands), None, None)
[debug] > Exec(addDefaultCommands, None, None)
[debug] > Exec(early(initialize), None, None)
[debug] > Exec(initialize, None, None)
[debug] > Exec(boot, None, None)
[debug] > Exec(writeSbtVersion, None, None)
[debug] > Exec(reload, None, None)
[debug] > Exec(sbtStashOnFailure, None, None)
[debug] > Exec(onFailure loadFailed, None, None)
[debug] > Exec(loadp, None, None)
[info] welcome to sbt 1.6.2 (AdoptOpenJDK Java 1.8.0_292)
[debug]       Load.loadUnit: plugins took 157.8157ms
[debug]       Load.loadUnit: defsScala took 0.3897ms
[debug] [Loading] Scanning directory C:\Users\thevi\.sbt\1.0\plugins
[debug] [Loading] Found non-root projects 
[debug] [Loading] Done in C:\Users\thevi\.sbt\1.0\plugins, returning: ()
[debug] deducing auto plugins based on known facts Set(Atom(sbt.plugins.CorePlugin)) and clauses Clauses(Clause(Atom(sbt.plugins.JvmPlugin),Set(Atom(sbt.plugins.IvyPlugin)))
[debug] Clause(Atom(sbt.ScriptedPlugin),Set(Atom(sbt.plugins.JvmPlugin)))
[debug] Clause(Atom(sbt.plugins.SbtPlugin),Set(Atom(sbt.ScriptedPlugin)))
[debug] Clause(Atom(sbt.plugins.SemanticdbPlugin),Set(Atom(sbt.plugins.JvmPlugin)))
[debug] Clause(Atom(sbt.plugins.JUnitXmlReportPlugin),Set(Atom(sbt.plugins.JvmPlugin)))
[debug] Clause(Atom(sbt.plugins.MiniDependencyTreePlugin),Set(Atom(sbt.plugins.JvmPlugin)))
[debug] Clause(Atom(sbt.plugins.CorePlugin),Set(Atom(sbt.plugins.IvyPlugin)))
[debug] Clause(Atom(sbt.plugins.IvyPlugin),Set(Atom(sbt.plugins.JvmPlugin)))
[debug] Clause(Atom(sbt.plugins.JvmPlugin),Set(Atom(sbt.plugins.SemanticdbPlugin)))
[debug] Clause(Atom(sbt.plugins.JvmPlugin),Set(Atom(sbt.plugins.JUnitXmlReportPlugin)))
[debug] Clause(Atom(sbt.plugins.CorePlugin),Set(Atom(sbt.plugins.Giter8TemplatePlugin)))
[debug] Clause(Atom(sbt.plugins.JvmPlugin),Set(Atom(sbt.plugins.MiniDependencyTreePlugin))))
[debug]   :: deduced result: Matched(sbt.plugins.CorePlugin,sbt.plugins.Giter8TemplatePlugin,sbt.plugins.IvyPlugin,sbt.plugins.JvmPlugin,sbt.plugins.MiniDependencyTreePlugin,sbt.plugins.JUnitXmlReportPlugin,sbt.plugins.SemanticdbPlugin)
[debug] Plugins.deducer#function took 31.7884 ms
[debug]           Load.resolveProject(global-plugins) took 104.0889ms
[debug]         Load.loadTransitive: finalizeProject(Project(id global-plugins, base: C:\Users\thevi\.sbt\1.0\plugins, plugins: List(<none>))) took 185.1139ms
[debug] [Loading] Done in C:\Users\thevi\.sbt\1.0\plugins, returning: (global-plugins)
[debug]       Load.loadUnit: loadedProjectsRaw took 219.7792ms
[debug]       Load.loadUnit: cleanEvalClasses took 0.696ms
[debug]     Load.loadUnit(file:/C:/Users/thevi/.sbt/1.0/plugins/, ...) took 389.3036ms
[debug]   Load.apply: load took 666.2674ms
[debug]   Load.apply: resolveProjects took 10.5201ms
[debug]   Load.apply: finalTransforms took 89.2038ms
[debug]   Load.apply: config.delegates took 13.3895ms
[debug]   Load.apply: Def.make(settings)... took 746.7332ms
[debug]   Load.apply: structureIndex took 203.6486ms
[debug]   Load.apply: mkStreams took 3.7962ms
[info] loading global plugins from C:\Users\thevi\.sbt\1.0\plugins
[debug] Running task... Cancel: Signal, check cycles: false, forcegc: true
[debug] Load.defaultLoad until apply took 13795.5079ms
[debug]           Load.loadUnit: plugins took 24.1114ms
[debug]           Load.loadUnit: defsScala took 0.003ms
[debug] [Loading] Scanning directory I:\Coding\University Projects\SCS 2204 Scala\Tutorial2\project
[debug] [Loading] Found non-root projects 
[debug] [Loading] Done in I:\Coding\University Projects\SCS 2204 Scala\Tutorial2\project, returning: ()
[debug] deducing auto plugins based on known facts Set(Atom(sbt.plugins.CorePlugin)) and clauses Clauses(Clause(Atom(sbt.plugins.JvmPlugin),Set(Atom(sbt.plugins.IvyPlugin)))
[debug] Clause(Atom(sbt.ScriptedPlugin),Set(Atom(sbt.plugins.JvmPlugin)))
[debug] Clause(Atom(sbt.plugins.SbtPlugin),Set(Atom(sbt.ScriptedPlugin)))
[debug] Clause(Atom(sbt.plugins.SemanticdbPlugin),Set(Atom(sbt.plugins.JvmPlugin)))
[debug] Clause(Atom(sbt.plugins.JUnitXmlReportPlugin),Set(Atom(sbt.plugins.JvmPlugin)))
[debug] Clause(Atom(sbt.plugins.MiniDependencyTreePlugin),Set(Atom(sbt.plugins.JvmPlugin)))
[debug] Clause(Atom(sbt.plugins.CorePlugin),Set(Atom(sbt.plugins.IvyPlugin)))
[debug] Clause(Atom(sbt.plugins.IvyPlugin),Set(Atom(sbt.plugins.JvmPlugin)))
[debug] Clause(Atom(sbt.plugins.JvmPlugin),Set(Atom(sbt.plugins.SemanticdbPlugin)))
[debug] Clause(Atom(sbt.plugins.JvmPlugin),Set(Atom(sbt.plugins.JUnitXmlReportPlugin)))
[debug] Clause(Atom(sbt.plugins.CorePlugin),Set(Atom(sbt.plugins.Giter8TemplatePlugin)))
[debug] Clause(Atom(sbt.plugins.JvmPlugin),Set(Atom(sbt.plugins.MiniDependencyTreePlugin))))
[debug]   :: deduced result: Matched(sbt.plugins.CorePlugin,sbt.plugins.Giter8TemplatePlugin,sbt.plugins.IvyPlugin,sbt.plugins.JvmPlugin,sbt.plugins.MiniDependencyTreePlugin,sbt.plugins.JUnitXmlReportPlugin,sbt.plugins.SemanticdbPlugin)
[debug] Plugins.deducer#function took 2.0614 ms
[debug]               Load.resolveProject(tutorial2-build) took 1.1321ms
[debug]             Load.loadTransitive: finalizeProject(Project(id tutorial2-build, base: I:\Coding\University Projects\SCS 2204 Scala\Tutorial2\project, plugins: List(<none>))) took 3.6665ms
[debug] [Loading] Done in I:\Coding\University Projects\SCS 2204 Scala\Tutorial2\project, returning: (tutorial2-build)
[debug]           Load.loadUnit: loadedProjectsRaw took 5.5912ms
[debug]           Load.loadUnit: cleanEvalClasses took 0.0093ms
[debug]         Load.loadUnit(file:/I:/Coding/University%20Projects/SCS%202204%20Scala/Tutorial2/project/, ...) took 30.4ms
[debug]       Load.apply: load took 31.7661ms
[debug]       Load.apply: resolveProjects took 0.1536ms
[debug]       Load.apply: finalTransforms took 9.1434ms
[debug]       Load.apply: config.delegates took 1.1629ms
[debug]       Load.apply: Def.make(settings)... took 74.8775ms
[debug]       Load.apply: structureIndex took 26.7685ms
[debug]       Load.apply: mkStreams took 0.0025ms
[info] loading project definition from I:\Coding\University Projects\SCS 2204 Scala\Tutorial2\project
[debug] Running task... Cancel: Signal, check cycles: false, forcegc: true
[debug]     Load.loadUnit: plugins took 494.6285ms
[debug]     Load.loadUnit: defsScala took 0.0035ms
[debug] [Loading] Scanning directory I:\Coding\University Projects\SCS 2204 Scala\Tutorial2
[debug]       Load.loadUnit: mkEval took 9.6966ms
[debug] [Loading] Found root project root w/ remaining 
[debug] deducing auto plugins based on known facts Set(Atom(sbt.plugins.CorePlugin)) and clauses Clauses(Clause(Atom(sbt.plugins.JvmPlugin),Set(Atom(sbt.plugins.IvyPlugin)))
[debug] Clause(Atom(sbt.ScriptedPlugin),Set(Atom(sbt.plugins.JvmPlugin)))
[debug] Clause(Atom(sbt.plugins.SbtPlugin),Set(Atom(sbt.ScriptedPlugin)))
[debug] Clause(Atom(sbt.plugins.SemanticdbPlugin),Set(Atom(sbt.plugins.JvmPlugin)))
[debug] Clause(Atom(sbt.plugins.JUnitXmlReportPlugin),Set(Atom(sbt.plugins.JvmPlugin)))
[debug] Clause(Atom(sbt.plugins.MiniDependencyTreePlugin),Set(Atom(sbt.plugins.JvmPlugin)))
[debug] Clause(Atom(sbt.plugins.CorePlugin),Set(Atom(sbt.plugins.IvyPlugin)))
[debug] Clause(Atom(sbt.plugins.IvyPlugin),Set(Atom(sbt.plugins.JvmPlugin)))
[debug] Clause(Atom(sbt.plugins.JvmPlugin),Set(Atom(sbt.plugins.SemanticdbPlugin)))
[debug] Clause(Atom(sbt.plugins.JvmPlugin),Set(Atom(sbt.plugins.JUnitXmlReportPlugin)))
[debug] Clause(Atom(sbt.plugins.CorePlugin),Set(Atom(sbt.plugins.Giter8TemplatePlugin)))
[debug] Clause(Atom(sbt.plugins.JvmPlugin),Set(Atom(sbt.plugins.MiniDependencyTreePlugin))))
[debug]   :: deduced result: Matched(sbt.plugins.CorePlugin,sbt.plugins.Giter8TemplatePlugin,sbt.plugins.IvyPlugin,sbt.plugins.JvmPlugin,sbt.plugins.MiniDependencyTreePlugin,sbt.plugins.JUnitXmlReportPlugin,sbt.plugins.SemanticdbPlugin)
[debug] Plugins.deducer#function took 1.4361 ms
[info] loading settings for project root from build.sbt ...
[debug]         Load.resolveProject(root) took 4.0866ms
[debug]       Load.loadTransitive: finalizeProject(Project(id root, base: I:\Coding\University Projects\SCS 2204 Scala\Tutorial2, plugins: List(<none>))) took 6.9724ms
[debug] [Loading] Done in I:\Coding\University Projects\SCS 2204 Scala\Tutorial2, returning: (root)
[debug]     Load.loadUnit: loadedProjectsRaw took 3068.7689ms
[debug]     Load.loadUnit: cleanEvalClasses took 4.4344ms
[debug]   Load.loadUnit(file:/I:/Coding/University%20Projects/SCS%202204%20Scala/Tutorial2/, ...) took 3568.5219ms
[debug] Load.apply: load took 3569.706ms
[debug] Load.apply: resolveProjects took 0.0908ms
[debug] Load.apply: finalTransforms took 5.5856ms
[debug] Load.apply: config.delegates took 0.372ms
[debug] Load.apply: Def.make(settings)... took 52.8815ms
[debug] Load.apply: structureIndex took 18.1421ms
[debug] Load.apply: mkStreams took 0.0022ms
[info] set current project to Tutorial2 (in build file:/I:/Coding/University%20Projects/SCS%202204%20Scala/Tutorial2/)
[debug] > Exec(sbtPopOnFailure, None, None)
[debug] > Exec(resumeFromFailure, None, None)
[debug] > Exec(notifyUsersAboutShell, None, None)
[debug] > Exec(iflast shell, None, None)
[debug] > Exec(shell, None, None)
[info] sbt server started at local:sbt-server-27cafda4c5fa0c5908c5
[debug] Writing bsp connection file
[info] started sbt server
